<?xml version="1.0" encoding="UTF-8"?>
<testsuite name="JUnit Jupiter" tests="0" skipped="0" failures="0" errors="0" time="0.009" hostname="ARPP013962" timestamp="2018-05-10T17:59:34">
<properties>
<property name="awt.toolkit" value="sun.lwawt.macosx.LWCToolkit"/>
<property name="file.encoding" value="UTF-8"/>
<property name="file.encoding.pkg" value="sun.io"/>
<property name="file.separator" value="/"/>
<property name="ftp.nonProxyHosts" value="local|*.local|169.254/16|*.169.254/16"/>
<property name="gopherProxySet" value="false"/>
<property name="http.nonProxyHosts" value="local|*.local|169.254/16|*.169.254/16"/>
<property name="java.awt.graphicsenv" value="sun.awt.CGraphicsEnvironment"/>
<property name="java.awt.printerjob" value="sun.lwawt.macosx.CPrinterJob"/>
<property name="java.class.path" value="/Users/fdaranno/git/ii_dojo/dojo_11/java/build/classes/java/test:/Users/fdaranno/git/ii_dojo/dojo_11/java/build/resources/test:/Users/fdaranno/git/ii_dojo/dojo_11/java/build/classes/java/main:/Users/fdaranno/git/ii_dojo/dojo_11/java/build/resources/main:/Users/fdaranno/.m2/repository/com/fasterxml/jackson/core/jackson-databind/2.9.2/jackson-databind-2.9.2.jar:/Users/fdaranno/.gradle/caches/modules-2/files-2.1/org.junit.vintage/junit-vintage-engine/4.12.2/3ee780f46c5669ba5cf6a70405c49becec6f2cef/junit-vintage-engine-4.12.2.jar:/Users/fdaranno/.m2/repository/junit/junit/4.12/junit-4.12.jar:/Users/fdaranno/.gradle/caches/modules-2/files-2.1/org.junit.jupiter/junit-jupiter-engine/5.0.2/e57de973ac81662ec2b9b225df6c882a641fabe6/junit-jupiter-engine-5.0.2.jar:/Users/fdaranno/.gradle/caches/modules-2/files-2.1/org.junit.jupiter/junit-jupiter-api/5.0.2/4024737a023e98dc6c9cbbd89fe0dd83975df65/junit-jupiter-api-5.0.2.jar:/Users/fdaranno/.gradle/caches/modules-2/files-2.1/org.mockito/mockito-core/2.11.0/f819efbe6ef3f010382cdc1b4d33749e377e1cc4/mockito-core-2.11.0.jar:/Users/fdaranno/.gradle/caches/modules-2/files-2.1/org.junit.platform/junit-platform-launcher/1.0.2/7cd136827fbfe3e6301b95f0340d654ad54feaa4/junit-platform-launcher-1.0.2.jar:/Users/fdaranno/.m2/repository/org/hamcrest/hamcrest-core/1.3/hamcrest-core-1.3.jar:/Users/fdaranno/.gradle/caches/modules-2/files-2.1/cglib/cglib-nodep/3.1/aa83efbd1aedc4f26bdf00e7ea78191483f2c9b3/cglib-nodep-3.1.jar:/Users/fdaranno/.m2/repository/org/objenesis/objenesis/2.6/objenesis-2.6.jar:/Users/fdaranno/.m2/repository/com/fasterxml/jackson/core/jackson-annotations/2.9.0/jackson-annotations-2.9.0.jar:/Users/fdaranno/.m2/repository/com/fasterxml/jackson/core/jackson-core/2.9.2/jackson-core-2.9.2.jar:/Users/fdaranno/.gradle/caches/modules-2/files-2.1/org.junit.platform/junit-platform-engine/1.0.2/ae5d9b8c44d78da636e4e1e00a907fe0fb7bcb8f/junit-platform-engine-1.0.2.jar:/Users/fdaranno/.gradle/caches/modules-2/files-2.1/org.opentest4j/opentest4j/1.0.0/6f09c598e9ff64bf0ce2fa7e7de49a99ba83c0b4/opentest4j-1.0.0.jar:/Users/fdaranno/.gradle/caches/modules-2/files-2.1/org.junit.platform/junit-platform-commons/1.0.2/e348a3a67940694f0718d04f9b0784b3dfb7819b/junit-platform-commons-1.0.2.jar:/Users/fdaranno/.m2/repository/net/bytebuddy/byte-buddy/1.7.4/byte-buddy-1.7.4.jar:/Users/fdaranno/.m2/repository/net/bytebuddy/byte-buddy-agent/1.7.4/byte-buddy-agent-1.7.4.jar:/Users/fdaranno/.gradle/caches/modules-2/files-2.1/org.junit.platform/junit-platform-console/1.0.2/2bf2cd18040bfe229bad813c7ab150a0f7ea8153/junit-platform-console-1.0.2.jar:build/tmp/expandedArchives/org.jacoco.agent-0.7.9.jar_17d4cd69b5d9b44b59ac09d2e4756e43/jacocoagent.jar"/>
<property name="java.class.version" value="52.0"/>
<property name="java.endorsed.dirs" value="/Library/Java/JavaVirtualMachines/jdk1.8.0_151.jdk/Contents/Home/jre/lib/endorsed"/>
<property name="java.ext.dirs" value="/Users/fdaranno/Library/Java/Extensions:/Library/Java/JavaVirtualMachines/jdk1.8.0_151.jdk/Contents/Home/jre/lib/ext:/Library/Java/Extensions:/Network/Library/Java/Extensions:/System/Library/Java/Extensions:/usr/lib/java"/>
<property name="java.home" value="/Library/Java/JavaVirtualMachines/jdk1.8.0_151.jdk/Contents/Home/jre"/>
<property name="java.io.tmpdir" value="/var/folders/tc/89pflzxs3x9fstp2l5cz5lcj9j16st/T/"/>
<property name="java.library.path" value="/Users/fdaranno/Library/Java/Extensions:/Library/Java/Extensions:/Network/Library/Java/Extensions:/System/Library/Java/Extensions:/usr/lib/java:."/>
<property name="java.runtime.name" value="Java(TM) SE Runtime Environment"/>
<property name="java.runtime.version" value="1.8.0_151-b12"/>
<property name="java.specification.name" value="Java Platform API Specification"/>
<property name="java.specification.vendor" value="Oracle Corporation"/>
<property name="java.specification.version" value="1.8"/>
<property name="java.vendor" value="Oracle Corporation"/>
<property name="java.vendor.url" value="http://java.oracle.com/"/>
<property name="java.vendor.url.bug" value="http://bugreport.sun.com/bugreport/"/>
<property name="java.version" value="1.8.0_151"/>
<property name="java.vm.info" value="mixed mode"/>
<property name="java.vm.name" value="Java HotSpot(TM) 64-Bit Server VM"/>
<property name="java.vm.specification.name" value="Java Virtual Machine Specification"/>
<property name="java.vm.specification.vendor" value="Oracle Corporation"/>
<property name="java.vm.specification.version" value="1.8"/>
<property name="java.vm.vendor" value="Oracle Corporation"/>
<property name="java.vm.version" value="25.151-b12"/>
<property name="line.separator" value="
"/>
<property name="os.arch" value="x86_64"/>
<property name="os.name" value="Mac OS X"/>
<property name="os.version" value="10.12.6"/>
<property name="path.separator" value=":"/>
<property name="socksNonProxyHosts" value="local|*.local|169.254/16|*.169.254/16"/>
<property name="sun.arch.data.model" value="64"/>
<property name="sun.boot.class.path" value="/Library/Java/JavaVirtualMachines/jdk1.8.0_151.jdk/Contents/Home/jre/lib/resources.jar:/Library/Java/JavaVirtualMachines/jdk1.8.0_151.jdk/Contents/Home/jre/lib/rt.jar:/Library/Java/JavaVirtualMachines/jdk1.8.0_151.jdk/Contents/Home/jre/lib/sunrsasign.jar:/Library/Java/JavaVirtualMachines/jdk1.8.0_151.jdk/Contents/Home/jre/lib/jsse.jar:/Library/Java/JavaVirtualMachines/jdk1.8.0_151.jdk/Contents/Home/jre/lib/jce.jar:/Library/Java/JavaVirtualMachines/jdk1.8.0_151.jdk/Contents/Home/jre/lib/charsets.jar:/Library/Java/JavaVirtualMachines/jdk1.8.0_151.jdk/Contents/Home/jre/lib/jfr.jar:/Library/Java/JavaVirtualMachines/jdk1.8.0_151.jdk/Contents/Home/jre/classes"/>
<property name="sun.boot.library.path" value="/Library/Java/JavaVirtualMachines/jdk1.8.0_151.jdk/Contents/Home/jre/lib"/>
<property name="sun.cpu.endian" value="little"/>
<property name="sun.cpu.isalist" value=""/>
<property name="sun.io.unicode.encoding" value="UnicodeBig"/>
<property name="sun.java.command" value="org.junit.platform.console.ConsoleLauncher --details NONE --scan-class-path /Users/fdaranno/git/ii_dojo/dojo_11/java/build/classes/java/main:/Users/fdaranno/git/ii_dojo/dojo_11/java/build/resources/main:/Users/fdaranno/git/ii_dojo/dojo_11/java/build/classes/java/test:/Users/fdaranno/git/ii_dojo/dojo_11/java/build/resources/test -n ^.*Tests?$ --reports-dir /Users/fdaranno/git/ii_dojo/dojo_11/java/build/test-results/junit-platform"/>
<property name="sun.java.launcher" value="SUN_STANDARD"/>
<property name="sun.jnu.encoding" value="UTF-8"/>
<property name="sun.management.compiler" value="HotSpot 64-Bit Tiered Compilers"/>
<property name="sun.os.patch.level" value="unknown"/>
<property name="user.country" value="ES"/>
<property name="user.dir" value="/Users/fdaranno/git/ii_dojo/dojo_11/java"/>
<property name="user.home" value="/Users/fdaranno"/>
<property name="user.language" value="es"/>
<property name="user.name" value="fdaranno"/>
<property name="user.timezone" value="America/Argentina/Buenos_Aires"/>
<property name="user.variant" value=""/>
</properties>
<system-out><![CDATA[
unique-id: [engine:junit-jupiter]
display-name: JUnit Jupiter
]]></system-out>
</testsuite>
